<?xml version="1.0" encoding="UTF-8"?>
<testng-results ignored="0" total="1" passed="1" failed="0" skipped="0">
  <reporter-output>
  </reporter-output>
  <suite started-at="2019-10-17T22:47:06 IST" name="Default suite" finished-at="2019-10-17T22:47:19 IST" duration-ms="13230">
    <groups>
    </groups>
    <test started-at="2019-10-17T22:47:06 IST" name="Default test" finished-at="2019-10-17T22:47:19 IST" duration-ms="13230">
      <class name="FirstTestNGProper">
        <test-method signature="Gmailtest()[pri:0, instance:FirstTestNGProper@a4102b8]" started-at="2019-10-17T22:47:06 IST" name="Gmailtest" finished-at="2019-10-17T22:47:19 IST" duration-ms="13169" status="PASS">
          <reporter-output>
          </reporter-output>
        </test-method> <!-- Gmailtest -->
      </class> <!-- FirstTestNGProper -->
    </test> <!-- Default test -->
  </suite> <!-- Default suite -->
</testng-results>
